2024-09-09 12:00:34 Error 400: Bad Request
2024-09-09 12:00:51 Error 401: Unauthorized
2024-09-09 12:01:11 Status 201: Created
2024-09-09 12:02:05 Error 400: Bad Request
2024-09-09 12:02:29 Status 503: Service Unavailable
2024-09-09 12:02:45 Status 202: Accepted
2024-09-09 12:03:28 Error 404: Page not found
2024-09-09 12:04:10 Error 400: Bad Request
2024-09-09 12:04:17 Status 503: Service Unavailable
2024-09-09 12:04:59 Status 200: OK
2024-09-09 12:05:55 Status 202: Accepted
2024-09-09 12:06:27 Error 500: Internal Server Error
2024-09-09 12:07:19 Status 202: Accepted
2024-09-09 12:07:20 Error 400: Bad Request
2024-09-09 12:07:39 Status 200: OK
2024-09-09 12:07:51 Status 204: No Content
2024-09-09 12:08:14 Error 403: Forbidden
2024-09-09 12:08:27 Error 404: Page not found
2024-09-09 12:09:22 Error 404: Page not found
2024-09-09 12:09:28 Error 403: Forbidden
2024-09-09 12:09:53 Status 503: Service Unavailable
2024-09-09 12:10:43 Error 400: Bad Request
2024-09-09 12:11:01 Error 404: Page not found
2024-09-09 12:11:37 Error 500: Internal Server Error
2024-09-09 12:12:34 Status 200: OK
2024-09-09 12:13:14 Status 204: No Content
2024-09-09 12:13:57 Error 401: Unauthorized
2024-09-09 12:14:45 Status 204: No Content
2024-09-09 12:15:19 Status 202: Accepted
2024-09-09 12:15:40 Error 500: Internal Server Error
2024-09-09 12:16:39 Error 400: Bad Request
2024-09-09 12:16:49 Status 200: OK
2024-09-09 12:17:42 Error 404: Page not found
2024-09-09 12:18:15 Status 200: OK
2024-09-09 12:18:48 Error 403: Forbidden
2024-09-09 12:19:38 Status 204: No Content
2024-09-09 12:19:49 Status 200: OK
2024-09-09 12:20:21 Status 202: Accepted
2024-09-09 12:21:13 Status 204: No Content
2024-09-09 12:21:38 Status 204: No Content